<?xml version="1.0" encoding="UTF-8"?>
<!-- Generated by org.testng.reporters.JUnitReportReporter -->
<testsuite hostname="NIKHIL" failures="0" tests="4" name="com.cx.tests.ProjectDetailsPageTest" time="172.951" errors="0" timestamp="2022-09-28T17:39:40 IST" skipped="0">
  <testcase classname="com.cx.tests.ProjectDetailsPageTest" name="ProjectDetailsTabTest" time="43.331"/>
  <system-out/>
  <testcase classname="com.cx.tests.ProjectDetailsPageTest" name="GeneralDetailsTabTest" time="44.070"/>
  <system-out/>
  <testcase classname="com.cx.tests.ProjectDetailsPageTest" name="SEODetailsTabTest" time="40.451"/>
  <system-out/>
  <testcase classname="com.cx.tests.ProjectDetailsPageTest" name="TrackingTabTest" time="45.099"/>
  <system-out/>
</testsuite> <!-- com.cx.tests.ProjectDetailsPageTest -->
