<?xml version="1.0" encoding="UTF-8"?>
<!-- Generated by org.testng.reporters.JUnitReportReporter -->
<testsuite hostname="NIKHIL" failures="0" tests="1" name="com.fa.tests.LoginPageTest" time="26.250" errors="0" timestamp="2022-09-29T18:09:21 IST" skipped="0">
  <testcase classname="com.fa.tests.LoginPageTest" name="LoginLogoutTest" time="26.250"/>
  <system-out/>
</testsuite> <!-- com.fa.tests.LoginPageTest -->
