<?xml version="1.0" encoding="UTF-8"?>
<!-- Generated by org.testng.reporters.JUnitReportReporter -->
<<<<<<< HEAD
<testsuite hostname="NIKHIL" failures="0" tests="1" name="com.fa.tests.LoginPageTest" time="26.250" errors="0" timestamp="2022-09-29T18:09:21 IST" skipped="0">
  <testcase classname="com.fa.tests.LoginPageTest" name="LoginLogoutTest" time="26.250"/>
=======
<testsuite hostname="NIKHIL" failures="0" tests="1" name="com.fa.tests.LoginPageTest" time="93.250" errors="0" timestamp="2022-09-30T18:32:46 IST" skipped="0">
  <testcase classname="com.fa.tests.LoginPageTest" name="LoginLogoutTest" time="93.250"/>
>>>>>>> 9d49c45 (new pages)
  <system-out/>
</testsuite> <!-- com.fa.tests.LoginPageTest -->
