<?xml version="1.0" encoding="UTF-8"?>
<!-- Generated by org.testng.reporters.JUnitReportReporter -->
<testsuite hostname="NIKHIL" failures="0" tests="1" name="com.cx.tests.TasksPageTest" time="29.381" errors="0" timestamp="2022-09-28T15:50:26 IST" skipped="0">
  <testcase classname="com.cx.tests.TasksPageTest" name="TasksAddNewComment" time="29.381"/>
  <system-out/>
</testsuite> <!-- com.cx.tests.TasksPageTest -->
