<?xml version="1.0" encoding="UTF-8"?>
<!-- Generated by org.testng.reporters.JUnitReportReporter -->
<testsuite hostname="NIKHIL" failures="0" tests="1" name="com.cx.tests.LoginPageTest" time="30.423" errors="0" timestamp="2022-09-28T12:46:40 IST" skipped="0">
  <testcase classname="com.cx.tests.LoginPageTest" name="LoginLogoutTest" time="30.423"/>
  <system-out/>
</testsuite> <!-- com.cx.tests.LoginPageTest -->
