<?xml version="1.0" encoding="UTF-8"?>
<!-- Generated by org.testng.reporters.JUnitReportReporter -->
<testsuite hostname="NIKHIL" failures="0" tests="9" name="com.cx.tests.HomePageTest" time="275.721" errors="0" timestamp="2022-09-28T12:46:40 IST" skipped="0">
  <testcase classname="com.cx.tests.HomePageTest" name="DashboardMenutest" time="36.449"/>
  <system-out/>
  <testcase classname="com.cx.tests.HomePageTest" name="DiscussionsMenutest" time="30.205"/>
  <system-out/>
  <testcase classname="com.cx.tests.HomePageTest" name="ProjectDetailsMenutest" time="28.282"/>
  <system-out/>
  <testcase classname="com.cx.tests.HomePageTest" name="TasksMenutest" time="33.867"/>
  <system-out/>
  <testcase classname="com.cx.tests.HomePageTest" name="FilesMenutest" time="33.461"/>
  <system-out/>
  <testcase classname="com.cx.tests.HomePageTest" name="BillingInvoicesMenutest" time="37.877"/>
  <system-out/>
  <testcase classname="com.cx.tests.HomePageTest" name="UsersMenutest" time="22.179"/>
  <system-out/>
  <testcase classname="com.cx.tests.HomePageTest" name="NotificationsMenutest" time="32.654"/>
  <system-out/>
  <testcase classname="com.cx.tests.HomePageTest" name="LogoutMenutest" time="20.747"/>
  <system-out/>
</testsuite> <!-- com.cx.tests.HomePageTest -->
