<?xml version="1.0" encoding="UTF-8"?>
<!-- Generated by org.testng.reporters.JUnitReportReporter -->
<testsuite hostname="NIKHIL" failures="0" tests="1" name="com.cx.tests.DiscussionPageTest" time="24.692" errors="0" timestamp="2022-09-28T13:08:30 IST" skipped="0">
  <testcase classname="com.cx.tests.DiscussionPageTest" name="DiscussionsAddNewComment" time="24.692"/>
  <system-out/>
</testsuite> <!-- com.cx.tests.DiscussionPageTest -->
